<?xml version="1.0" encoding="UTF-8"?>
<!DOCTYPE struts PUBLIC
    "-//Apache Software Foundation//DTD Struts Configuration 2.0//EN"
    "http://struts.apache.org/dtds/struts-2.0.dtd">

<struts>

	<constant name="struts.devMode" value="true" />
	<constant name="struts.custom.i18n.resources" value="global" />
	<constant name="struts.action.extension" value="action"/>

	<package name="test" extends="app-default">
		<action name="testFirstEntry" class="testFirstEntryAction">
			<result name="success">/jsp/modules/test/test_maintenance_main.jsp</result>
		</action>
	</package>

</struts>
